<?xml version="1.0" encoding="UTF-8"?>
<!-- Generated by org.testng.reporters.JUnitXMLReporter -->
<testsuite ignored="0" hostname="Ahmed-Magdy" failures="0" tests="5" name="Default test" time="7.719" errors="0" timestamp="2021-09-25T15:27:09 EET">
  <testcase classname="VOISAPITest.APITest" name="CreatNewPost" time="4.307"/>
  <testcase classname="VOISAPITest.APITest" name="CreatNewPostWithOutData" time="0.711"/>
  <testcase classname="VOISAPITest.APITest" name="VerifyPostByID" time="1.17"/>
  <testcase classname="VOISAPITest.APITest" name="VerifyPostByIDWithNegativeNumber" time="0.911"/>
  <testcase classname="VOISAPITest.APITest" name="VerifyReturnAllPosts" time="0.536"/>
</testsuite> <!-- Default test -->
