<?xml version="1.0" encoding="UTF-8"?>
<testng-results ignored="0" total="5" passed="5" failed="0" skipped="0">
  <reporter-output>
  </reporter-output>
  <suite started-at="2021-09-25T15:27:02 EET" name="Default suite" finished-at="2021-09-25T15:27:09 EET" duration-ms="7719">
    <groups>
    </groups>
    <test started-at="2021-09-25T15:27:02 EET" name="Default test" finished-at="2021-09-25T15:27:09 EET" duration-ms="7719">
      <class name="VOISAPITest.APITest">
        <test-method signature="CreatNewPost()[pri:0, instance:VOISAPITest.APITest@2f8dad04]" started-at="2021-09-25T15:27:02 EET" name="CreatNewPost" finished-at="2021-09-25T15:27:06 EET" duration-ms="4307" status="PASS">
          <reporter-output>
          </reporter-output>
        </test-method> <!-- CreatNewPost -->
        <test-method signature="CreatNewPostWithOutData()[pri:0, instance:VOISAPITest.APITest@2f8dad04]" started-at="2021-09-25T15:27:06 EET" name="CreatNewPostWithOutData" finished-at="2021-09-25T15:27:07 EET" duration-ms="711" status="PASS">
          <reporter-output>
          </reporter-output>
        </test-method> <!-- CreatNewPostWithOutData -->
        <test-method signature="VerifyPostByID()[pri:0, instance:VOISAPITest.APITest@2f8dad04]" started-at="2021-09-25T15:27:07 EET" name="VerifyPostByID" finished-at="2021-09-25T15:27:08 EET" duration-ms="1170" status="PASS">
          <reporter-output>
          </reporter-output>
        </test-method> <!-- VerifyPostByID -->
        <test-method signature="VerifyPostByIDWithNegativeNumber()[pri:0, instance:VOISAPITest.APITest@2f8dad04]" started-at="2021-09-25T15:27:08 EET" name="VerifyPostByIDWithNegativeNumber" finished-at="2021-09-25T15:27:09 EET" duration-ms="911" status="PASS">
          <reporter-output>
          </reporter-output>
        </test-method> <!-- VerifyPostByIDWithNegativeNumber -->
        <test-method signature="VerifyReturnAllPosts()[pri:0, instance:VOISAPITest.APITest@2f8dad04]" started-at="2021-09-25T15:27:09 EET" name="VerifyReturnAllPosts" finished-at="2021-09-25T15:27:09 EET" duration-ms="536" status="PASS">
          <reporter-output>
          </reporter-output>
        </test-method> <!-- VerifyReturnAllPosts -->
      </class> <!-- VOISAPITest.APITest -->
    </test> <!-- Default test -->
  </suite> <!-- Default suite -->
</testng-results>
